<testsuites name="jest tests" tests="6" failures="6" time="1.904">
  <testsuite name="Hacker Dormitory" errors="0" failures="6" skipped="0" timestamp="2021-02-11T14:28:37" time="1.904" tests="6">
    <testcase classname="Hacker Dormitory should add valid students in Residents list" name="Hacker Dormitory should add valid students in Residents list" time="0.094">
      <failure>TypeError: Cannot read property &apos;split&apos; of undefined
    at checkValidity (/projects/challenge/src/Components/Search.js:10:38)
    at addStudent (/projects/challenge/src/Components/Search.js:29:5)
    at HTMLUnknownElement.callCallback (/projects/challenge/node_modules/react-dom/cjs/react-dom.development.js:188:14)
    at invokeEventListeners (/projects/challenge/node_modules/jsdom/lib/jsdom/living/events/EventTarget-impl.js:193:27)
    at HTMLUnknownElementImpl._dispatch (/projects/challenge/node_modules/jsdom/lib/jsdom/living/events/EventTarget-impl.js:119:9)
    at HTMLUnknownElementImpl.dispatchEvent (/projects/challenge/node_modules/jsdom/lib/jsdom/living/events/EventTarget-impl.js:82:17)
    at HTMLUnknownElementImpl.dispatchEvent (/projects/challenge/node_modules/jsdom/lib/jsdom/living/nodes/HTMLElement-impl.js:30:27)
    at HTMLUnknownElement.dispatchEvent (/projects/challenge/node_modules/jsdom/lib/jsdom/living/generated/EventTarget.js:157:21)
    at Object.invokeGuardedCallbackDev (/projects/challenge/node_modules/react-dom/cjs/react-dom.development.js:237:16)
    at invokeGuardedCallback (/projects/challenge/node_modules/react-dom/cjs/react-dom.development.js:292:31)
    at invokeGuardedCallbackAndCatchFirstError (/projects/challenge/node_modules/react-dom/cjs/react-dom.development.js:306:25)
    at executeDispatch (/projects/challenge/node_modules/react-dom/cjs/react-dom.development.js:389:3)
    at executeDispatchesInOrder (/projects/challenge/node_modules/react-dom/cjs/react-dom.development.js:414:5)
    at executeDispatchesAndRelease (/projects/challenge/node_modules/react-dom/cjs/react-dom.development.js:3278:5)
    at executeDispatchesAndReleaseTopLevel (/projects/challenge/node_modules/react-dom/cjs/react-dom.development.js:3287:10)
    at forEachAccumulated (/projects/challenge/node_modules/react-dom/cjs/react-dom.development.js:3259:8)
    at runEventsInBatch (/projects/challenge/node_modules/react-dom/cjs/react-dom.development.js:3304:3)
    at runExtractedPluginEventsInBatch (/projects/challenge/node_modules/react-dom/cjs/react-dom.development.js:3514:3)
    at handleTopLevel (/projects/challenge/node_modules/react-dom/cjs/react-dom.development.js:3558:5)
    at batchedEventUpdates$1 (/projects/challenge/node_modules/react-dom/cjs/react-dom.development.js:21871:12)
    at batchedEventUpdates (/projects/challenge/node_modules/react-dom/cjs/react-dom.development.js:795:12)
    at dispatchEventForLegacyPluginEventSystem (/projects/challenge/node_modules/react-dom/cjs/react-dom.development.js:3568:5)
    at attemptToDispatchEvent (/projects/challenge/node_modules/react-dom/cjs/react-dom.development.js:4267:5)
    at dispatchEvent (/projects/challenge/node_modules/react-dom/cjs/react-dom.development.js:4189:19)
    at unstable_runWithPriority (/projects/challenge/node_modules/scheduler/cjs/scheduler.development.js:653:12)
    at runWithPriority$1 (/projects/challenge/node_modules/react-dom/cjs/react-dom.development.js:11039:10)
    at discreteUpdates$1 (/projects/challenge/node_modules/react-dom/cjs/react-dom.development.js:21887:12)
    at discreteUpdates (/projects/challenge/node_modules/react-dom/cjs/react-dom.development.js:806:12)
    at dispatchDiscreteEvent (/projects/challenge/node_modules/react-dom/cjs/react-dom.development.js:4168:3)
    at invokeEventListeners (/projects/challenge/node_modules/jsdom/lib/jsdom/living/events/EventTarget-impl.js:193:27)
    at HTMLButtonElementImpl._dispatch (/projects/challenge/node_modules/jsdom/lib/jsdom/living/events/EventTarget-impl.js:133:9)
    at HTMLButtonElementImpl.dispatchEvent (/projects/challenge/node_modules/jsdom/lib/jsdom/living/events/EventTarget-impl.js:82:17)
    at HTMLButtonElementImpl.dispatchEvent (/projects/challenge/node_modules/jsdom/lib/jsdom/living/nodes/HTMLElement-impl.js:30:27)
    at HTMLButtonElement.dispatchEvent (/projects/challenge/node_modules/jsdom/lib/jsdom/living/generated/EventTarget.js:157:21)
    at fireEvent (/projects/challenge/node_modules/@testing-library/dom/dist/events.js:605:18)
    at Function.fireEvent.(anonymous function) [as click] (/projects/challenge/node_modules/@testing-library/dom/dist/events.js:649:36)
    at /projects/challenge/node_modules/@testing-library/react/dist/index.js:148:40
    at batchedUpdates$1 (/projects/challenge/node_modules/react-dom/cjs/react-dom.development.js:21856:12)
    at act (/projects/challenge/node_modules/react-dom/cjs/react-dom-test-utils.development.js:929:14)
    at Function.click (/projects/challenge/node_modules/@testing-library/react/dist/index.js:147:28)
    at Object.it (/projects/challenge/src/App.test.js:38:15)
    at Object.asyncJestTest (/projects/challenge/node_modules/jest-jasmine2/build/jasmineAsyncInstall.js:102:37)
    at resolve (/projects/challenge/node_modules/jest-jasmine2/build/queueRunner.js:43:12)
    at new Promise (&lt;anonymous&gt;)
    at mapper (/projects/challenge/node_modules/jest-jasmine2/build/queueRunner.js:26:19)
    at promise.then (/projects/challenge/node_modules/jest-jasmine2/build/queueRunner.js:73:41)
    at &lt;anonymous&gt;</failure>
      <failure>Error: expect(received).toEqual(expected) // deep equality

Expected: &quot;adam&quot;
Received: &quot;john&quot;
    at Object.it (/projects/challenge/src/App.test.js:39:56)
    at Object.asyncJestTest (/projects/challenge/node_modules/jest-jasmine2/build/jasmineAsyncInstall.js:102:37)
    at resolve (/projects/challenge/node_modules/jest-jasmine2/build/queueRunner.js:43:12)
    at new Promise (&lt;anonymous&gt;)
    at mapper (/projects/challenge/node_modules/jest-jasmine2/build/queueRunner.js:26:19)
    at promise.then (/projects/challenge/node_modules/jest-jasmine2/build/queueRunner.js:73:41)
    at &lt;anonymous&gt;</failure>
    </testcase>
    <testcase classname="Hacker Dormitory should add valid students without case sensitivity" name="Hacker Dormitory should add valid students without case sensitivity" time="0.021">
      <failure>TypeError: Cannot read property &apos;value&apos; of undefined
    at addStudent (/projects/challenge/src/Components/Search.js:29:48)
    at HTMLUnknownElement.callCallback (/projects/challenge/node_modules/react-dom/cjs/react-dom.development.js:188:14)
    at invokeEventListeners (/projects/challenge/node_modules/jsdom/lib/jsdom/living/events/EventTarget-impl.js:193:27)
    at HTMLUnknownElementImpl._dispatch (/projects/challenge/node_modules/jsdom/lib/jsdom/living/events/EventTarget-impl.js:119:9)
    at HTMLUnknownElementImpl.dispatchEvent (/projects/challenge/node_modules/jsdom/lib/jsdom/living/events/EventTarget-impl.js:82:17)
    at HTMLUnknownElementImpl.dispatchEvent (/projects/challenge/node_modules/jsdom/lib/jsdom/living/nodes/HTMLElement-impl.js:30:27)
    at HTMLUnknownElement.dispatchEvent (/projects/challenge/node_modules/jsdom/lib/jsdom/living/generated/EventTarget.js:157:21)
    at Object.invokeGuardedCallbackDev (/projects/challenge/node_modules/react-dom/cjs/react-dom.development.js:237:16)
    at invokeGuardedCallback (/projects/challenge/node_modules/react-dom/cjs/react-dom.development.js:292:31)
    at invokeGuardedCallbackAndCatchFirstError (/projects/challenge/node_modules/react-dom/cjs/react-dom.development.js:306:25)
    at executeDispatch (/projects/challenge/node_modules/react-dom/cjs/react-dom.development.js:389:3)
    at executeDispatchesInOrder (/projects/challenge/node_modules/react-dom/cjs/react-dom.development.js:414:5)
    at executeDispatchesAndRelease (/projects/challenge/node_modules/react-dom/cjs/react-dom.development.js:3278:5)
    at executeDispatchesAndReleaseTopLevel (/projects/challenge/node_modules/react-dom/cjs/react-dom.development.js:3287:10)
    at forEachAccumulated (/projects/challenge/node_modules/react-dom/cjs/react-dom.development.js:3259:8)
    at runEventsInBatch (/projects/challenge/node_modules/react-dom/cjs/react-dom.development.js:3304:3)
    at runExtractedPluginEventsInBatch (/projects/challenge/node_modules/react-dom/cjs/react-dom.development.js:3514:3)
    at handleTopLevel (/projects/challenge/node_modules/react-dom/cjs/react-dom.development.js:3558:5)
    at batchedEventUpdates$1 (/projects/challenge/node_modules/react-dom/cjs/react-dom.development.js:21871:12)
    at batchedEventUpdates (/projects/challenge/node_modules/react-dom/cjs/react-dom.development.js:795:12)
    at dispatchEventForLegacyPluginEventSystem (/projects/challenge/node_modules/react-dom/cjs/react-dom.development.js:3568:5)
    at attemptToDispatchEvent (/projects/challenge/node_modules/react-dom/cjs/react-dom.development.js:4267:5)
    at dispatchEvent (/projects/challenge/node_modules/react-dom/cjs/react-dom.development.js:4189:19)
    at unstable_runWithPriority (/projects/challenge/node_modules/scheduler/cjs/scheduler.development.js:653:12)
    at runWithPriority$1 (/projects/challenge/node_modules/react-dom/cjs/react-dom.development.js:11039:10)
    at discreteUpdates$1 (/projects/challenge/node_modules/react-dom/cjs/react-dom.development.js:21887:12)
    at discreteUpdates (/projects/challenge/node_modules/react-dom/cjs/react-dom.development.js:806:12)
    at dispatchDiscreteEvent (/projects/challenge/node_modules/react-dom/cjs/react-dom.development.js:4168:3)
    at invokeEventListeners (/projects/challenge/node_modules/jsdom/lib/jsdom/living/events/EventTarget-impl.js:193:27)
    at HTMLButtonElementImpl._dispatch (/projects/challenge/node_modules/jsdom/lib/jsdom/living/events/EventTarget-impl.js:133:9)
    at HTMLButtonElementImpl.dispatchEvent (/projects/challenge/node_modules/jsdom/lib/jsdom/living/events/EventTarget-impl.js:82:17)
    at HTMLButtonElementImpl.dispatchEvent (/projects/challenge/node_modules/jsdom/lib/jsdom/living/nodes/HTMLElement-impl.js:30:27)
    at HTMLButtonElement.dispatchEvent (/projects/challenge/node_modules/jsdom/lib/jsdom/living/generated/EventTarget.js:157:21)
    at fireEvent (/projects/challenge/node_modules/@testing-library/dom/dist/events.js:605:18)
    at Function.fireEvent.(anonymous function) [as click] (/projects/challenge/node_modules/@testing-library/dom/dist/events.js:649:36)
    at /projects/challenge/node_modules/@testing-library/react/dist/index.js:148:40
    at batchedUpdates$1 (/projects/challenge/node_modules/react-dom/cjs/react-dom.development.js:21856:12)
    at act (/projects/challenge/node_modules/react-dom/cjs/react-dom-test-utils.development.js:929:14)
    at Function.click (/projects/challenge/node_modules/@testing-library/react/dist/index.js:147:28)
    at Object.it (/projects/challenge/src/App.test.js:52:15)
    at Object.asyncJestTest (/projects/challenge/node_modules/jest-jasmine2/build/jasmineAsyncInstall.js:102:37)
    at resolve (/projects/challenge/node_modules/jest-jasmine2/build/queueRunner.js:43:12)
    at new Promise (&lt;anonymous&gt;)
    at mapper (/projects/challenge/node_modules/jest-jasmine2/build/queueRunner.js:26:19)
    at promise.then (/projects/challenge/node_modules/jest-jasmine2/build/queueRunner.js:73:41)
    at &lt;anonymous&gt;</failure>
      <failure>Error: expect(received).toEqual(expected) // deep equality

Expected: &quot;adam&quot;
Received: &quot;john&quot;
    at Object.it (/projects/challenge/src/App.test.js:53:56)
    at Object.asyncJestTest (/projects/challenge/node_modules/jest-jasmine2/build/jasmineAsyncInstall.js:102:37)
    at resolve (/projects/challenge/node_modules/jest-jasmine2/build/queueRunner.js:43:12)
    at new Promise (&lt;anonymous&gt;)
    at mapper (/projects/challenge/node_modules/jest-jasmine2/build/queueRunner.js:26:19)
    at promise.then (/projects/challenge/node_modules/jest-jasmine2/build/queueRunner.js:73:41)
    at &lt;anonymous&gt;</failure>
    </testcase>
    <testcase classname="Hacker Dormitory should clear the input fields after adding a new student" name="Hacker Dormitory should clear the input fields after adding a new student" time="0.015">
      <failure>TypeError: Cannot read property &apos;split&apos; of undefined
    at checkValidity (/projects/challenge/src/Components/Search.js:10:38)
    at addStudent (/projects/challenge/src/Components/Search.js:29:5)
    at HTMLUnknownElement.callCallback (/projects/challenge/node_modules/react-dom/cjs/react-dom.development.js:188:14)
    at invokeEventListeners (/projects/challenge/node_modules/jsdom/lib/jsdom/living/events/EventTarget-impl.js:193:27)
    at HTMLUnknownElementImpl._dispatch (/projects/challenge/node_modules/jsdom/lib/jsdom/living/events/EventTarget-impl.js:119:9)
    at HTMLUnknownElementImpl.dispatchEvent (/projects/challenge/node_modules/jsdom/lib/jsdom/living/events/EventTarget-impl.js:82:17)
    at HTMLUnknownElementImpl.dispatchEvent (/projects/challenge/node_modules/jsdom/lib/jsdom/living/nodes/HTMLElement-impl.js:30:27)
    at HTMLUnknownElement.dispatchEvent (/projects/challenge/node_modules/jsdom/lib/jsdom/living/generated/EventTarget.js:157:21)
    at Object.invokeGuardedCallbackDev (/projects/challenge/node_modules/react-dom/cjs/react-dom.development.js:237:16)
    at invokeGuardedCallback (/projects/challenge/node_modules/react-dom/cjs/react-dom.development.js:292:31)
    at invokeGuardedCallbackAndCatchFirstError (/projects/challenge/node_modules/react-dom/cjs/react-dom.development.js:306:25)
    at executeDispatch (/projects/challenge/node_modules/react-dom/cjs/react-dom.development.js:389:3)
    at executeDispatchesInOrder (/projects/challenge/node_modules/react-dom/cjs/react-dom.development.js:414:5)
    at executeDispatchesAndRelease (/projects/challenge/node_modules/react-dom/cjs/react-dom.development.js:3278:5)
    at executeDispatchesAndReleaseTopLevel (/projects/challenge/node_modules/react-dom/cjs/react-dom.development.js:3287:10)
    at forEachAccumulated (/projects/challenge/node_modules/react-dom/cjs/react-dom.development.js:3259:8)
    at runEventsInBatch (/projects/challenge/node_modules/react-dom/cjs/react-dom.development.js:3304:3)
    at runExtractedPluginEventsInBatch (/projects/challenge/node_modules/react-dom/cjs/react-dom.development.js:3514:3)
    at handleTopLevel (/projects/challenge/node_modules/react-dom/cjs/react-dom.development.js:3558:5)
    at batchedEventUpdates$1 (/projects/challenge/node_modules/react-dom/cjs/react-dom.development.js:21871:12)
    at batchedEventUpdates (/projects/challenge/node_modules/react-dom/cjs/react-dom.development.js:795:12)
    at dispatchEventForLegacyPluginEventSystem (/projects/challenge/node_modules/react-dom/cjs/react-dom.development.js:3568:5)
    at attemptToDispatchEvent (/projects/challenge/node_modules/react-dom/cjs/react-dom.development.js:4267:5)
    at dispatchEvent (/projects/challenge/node_modules/react-dom/cjs/react-dom.development.js:4189:19)
    at unstable_runWithPriority (/projects/challenge/node_modules/scheduler/cjs/scheduler.development.js:653:12)
    at runWithPriority$1 (/projects/challenge/node_modules/react-dom/cjs/react-dom.development.js:11039:10)
    at discreteUpdates$1 (/projects/challenge/node_modules/react-dom/cjs/react-dom.development.js:21887:12)
    at discreteUpdates (/projects/challenge/node_modules/react-dom/cjs/react-dom.development.js:806:12)
    at dispatchDiscreteEvent (/projects/challenge/node_modules/react-dom/cjs/react-dom.development.js:4168:3)
    at invokeEventListeners (/projects/challenge/node_modules/jsdom/lib/jsdom/living/events/EventTarget-impl.js:193:27)
    at HTMLButtonElementImpl._dispatch (/projects/challenge/node_modules/jsdom/lib/jsdom/living/events/EventTarget-impl.js:133:9)
    at HTMLButtonElementImpl.dispatchEvent (/projects/challenge/node_modules/jsdom/lib/jsdom/living/events/EventTarget-impl.js:82:17)
    at HTMLButtonElementImpl.dispatchEvent (/projects/challenge/node_modules/jsdom/lib/jsdom/living/nodes/HTMLElement-impl.js:30:27)
    at HTMLButtonElement.dispatchEvent (/projects/challenge/node_modules/jsdom/lib/jsdom/living/generated/EventTarget.js:157:21)
    at fireEvent (/projects/challenge/node_modules/@testing-library/dom/dist/events.js:605:18)
    at Function.fireEvent.(anonymous function) [as click] (/projects/challenge/node_modules/@testing-library/dom/dist/events.js:649:36)
    at /projects/challenge/node_modules/@testing-library/react/dist/index.js:148:40
    at batchedUpdates$1 (/projects/challenge/node_modules/react-dom/cjs/react-dom.development.js:21856:12)
    at act (/projects/challenge/node_modules/react-dom/cjs/react-dom-test-utils.development.js:929:14)
    at Function.click (/projects/challenge/node_modules/@testing-library/react/dist/index.js:147:28)
    at Object.it (/projects/challenge/src/App.test.js:59:15)
    at Object.asyncJestTest (/projects/challenge/node_modules/jest-jasmine2/build/jasmineAsyncInstall.js:102:37)
    at resolve (/projects/challenge/node_modules/jest-jasmine2/build/queueRunner.js:43:12)
    at new Promise (&lt;anonymous&gt;)
    at mapper (/projects/challenge/node_modules/jest-jasmine2/build/queueRunner.js:26:19)
    at promise.then (/projects/challenge/node_modules/jest-jasmine2/build/queueRunner.js:73:41)
    at &lt;anonymous&gt;</failure>
      <failure>Error: expect(received).toEqual(expected) // deep equality

Expected: &quot;&quot;
Received: &quot;Adam&quot;
    at Object.it (/projects/challenge/src/App.test.js:60:28)
    at Object.asyncJestTest (/projects/challenge/node_modules/jest-jasmine2/build/jasmineAsyncInstall.js:102:37)
    at resolve (/projects/challenge/node_modules/jest-jasmine2/build/queueRunner.js:43:12)
    at new Promise (&lt;anonymous&gt;)
    at mapper (/projects/challenge/node_modules/jest-jasmine2/build/queueRunner.js:26:19)
    at promise.then (/projects/challenge/node_modules/jest-jasmine2/build/queueRunner.js:73:41)
    at &lt;anonymous&gt;</failure>
    </testcase>
    <testcase classname="Hacker Dormitory should show error on trying to add a student who is not in the list" name="Hacker Dormitory should show error on trying to add a student who is not in the list" time="0.013">
      <failure>TypeError: Cannot read property &apos;value&apos; of undefined
    at addStudent (/projects/challenge/src/Components/Search.js:29:48)
    at HTMLUnknownElement.callCallback (/projects/challenge/node_modules/react-dom/cjs/react-dom.development.js:188:14)
    at invokeEventListeners (/projects/challenge/node_modules/jsdom/lib/jsdom/living/events/EventTarget-impl.js:193:27)
    at HTMLUnknownElementImpl._dispatch (/projects/challenge/node_modules/jsdom/lib/jsdom/living/events/EventTarget-impl.js:119:9)
    at HTMLUnknownElementImpl.dispatchEvent (/projects/challenge/node_modules/jsdom/lib/jsdom/living/events/EventTarget-impl.js:82:17)
    at HTMLUnknownElementImpl.dispatchEvent (/projects/challenge/node_modules/jsdom/lib/jsdom/living/nodes/HTMLElement-impl.js:30:27)
    at HTMLUnknownElement.dispatchEvent (/projects/challenge/node_modules/jsdom/lib/jsdom/living/generated/EventTarget.js:157:21)
    at Object.invokeGuardedCallbackDev (/projects/challenge/node_modules/react-dom/cjs/react-dom.development.js:237:16)
    at invokeGuardedCallback (/projects/challenge/node_modules/react-dom/cjs/react-dom.development.js:292:31)
    at invokeGuardedCallbackAndCatchFirstError (/projects/challenge/node_modules/react-dom/cjs/react-dom.development.js:306:25)
    at executeDispatch (/projects/challenge/node_modules/react-dom/cjs/react-dom.development.js:389:3)
    at executeDispatchesInOrder (/projects/challenge/node_modules/react-dom/cjs/react-dom.development.js:414:5)
    at executeDispatchesAndRelease (/projects/challenge/node_modules/react-dom/cjs/react-dom.development.js:3278:5)
    at executeDispatchesAndReleaseTopLevel (/projects/challenge/node_modules/react-dom/cjs/react-dom.development.js:3287:10)
    at forEachAccumulated (/projects/challenge/node_modules/react-dom/cjs/react-dom.development.js:3259:8)
    at runEventsInBatch (/projects/challenge/node_modules/react-dom/cjs/react-dom.development.js:3304:3)
    at runExtractedPluginEventsInBatch (/projects/challenge/node_modules/react-dom/cjs/react-dom.development.js:3514:3)
    at handleTopLevel (/projects/challenge/node_modules/react-dom/cjs/react-dom.development.js:3558:5)
    at batchedEventUpdates$1 (/projects/challenge/node_modules/react-dom/cjs/react-dom.development.js:21871:12)
    at batchedEventUpdates (/projects/challenge/node_modules/react-dom/cjs/react-dom.development.js:795:12)
    at dispatchEventForLegacyPluginEventSystem (/projects/challenge/node_modules/react-dom/cjs/react-dom.development.js:3568:5)
    at attemptToDispatchEvent (/projects/challenge/node_modules/react-dom/cjs/react-dom.development.js:4267:5)
    at dispatchEvent (/projects/challenge/node_modules/react-dom/cjs/react-dom.development.js:4189:19)
    at unstable_runWithPriority (/projects/challenge/node_modules/scheduler/cjs/scheduler.development.js:653:12)
    at runWithPriority$1 (/projects/challenge/node_modules/react-dom/cjs/react-dom.development.js:11039:10)
    at discreteUpdates$1 (/projects/challenge/node_modules/react-dom/cjs/react-dom.development.js:21887:12)
    at discreteUpdates (/projects/challenge/node_modules/react-dom/cjs/react-dom.development.js:806:12)
    at dispatchDiscreteEvent (/projects/challenge/node_modules/react-dom/cjs/react-dom.development.js:4168:3)
    at invokeEventListeners (/projects/challenge/node_modules/jsdom/lib/jsdom/living/events/EventTarget-impl.js:193:27)
    at HTMLButtonElementImpl._dispatch (/projects/challenge/node_modules/jsdom/lib/jsdom/living/events/EventTarget-impl.js:133:9)
    at HTMLButtonElementImpl.dispatchEvent (/projects/challenge/node_modules/jsdom/lib/jsdom/living/events/EventTarget-impl.js:82:17)
    at HTMLButtonElementImpl.dispatchEvent (/projects/challenge/node_modules/jsdom/lib/jsdom/living/nodes/HTMLElement-impl.js:30:27)
    at HTMLButtonElement.dispatchEvent (/projects/challenge/node_modules/jsdom/lib/jsdom/living/generated/EventTarget.js:157:21)
    at fireEvent (/projects/challenge/node_modules/@testing-library/dom/dist/events.js:605:18)
    at Function.fireEvent.(anonymous function) [as click] (/projects/challenge/node_modules/@testing-library/dom/dist/events.js:649:36)
    at /projects/challenge/node_modules/@testing-library/react/dist/index.js:148:40
    at batchedUpdates$1 (/projects/challenge/node_modules/react-dom/cjs/react-dom.development.js:21856:12)
    at act (/projects/challenge/node_modules/react-dom/cjs/react-dom-test-utils.development.js:929:14)
    at Function.click (/projects/challenge/node_modules/@testing-library/react/dist/index.js:147:28)
    at Object.it (/projects/challenge/src/App.test.js:67:15)
    at Object.asyncJestTest (/projects/challenge/node_modules/jest-jasmine2/build/jasmineAsyncInstall.js:102:37)
    at resolve (/projects/challenge/node_modules/jest-jasmine2/build/queueRunner.js:43:12)
    at new Promise (&lt;anonymous&gt;)
    at mapper (/projects/challenge/node_modules/jest-jasmine2/build/queueRunner.js:26:19)
    at promise.then (/projects/challenge/node_modules/jest-jasmine2/build/queueRunner.js:73:41)
    at &lt;anonymous&gt;</failure>
      <failure>Error: expect(received).toEqual(expected) // deep equality

Expected: &quot;Sorry, Anderson is not a verified student!&quot;
Received: &quot;Error Message&quot;
    at Object.it (/projects/challenge/src/App.test.js:69:31)
    at Object.asyncJestTest (/projects/challenge/node_modules/jest-jasmine2/build/jasmineAsyncInstall.js:102:37)
    at resolve (/projects/challenge/node_modules/jest-jasmine2/build/queueRunner.js:43:12)
    at new Promise (&lt;anonymous&gt;)
    at mapper (/projects/challenge/node_modules/jest-jasmine2/build/queueRunner.js:26:19)
    at promise.then (/projects/challenge/node_modules/jest-jasmine2/build/queueRunner.js:73:41)
    at &lt;anonymous&gt;</failure>
    </testcase>
    <testcase classname="Hacker Dormitory should show error on trying to add a student whose validity has expired" name="Hacker Dormitory should show error on trying to add a student whose validity has expired" time="0.012">
      <failure>TypeError: Cannot read property &apos;split&apos; of undefined
    at checkValidity (/projects/challenge/src/Components/Search.js:10:38)
    at addStudent (/projects/challenge/src/Components/Search.js:29:5)
    at HTMLUnknownElement.callCallback (/projects/challenge/node_modules/react-dom/cjs/react-dom.development.js:188:14)
    at invokeEventListeners (/projects/challenge/node_modules/jsdom/lib/jsdom/living/events/EventTarget-impl.js:193:27)
    at HTMLUnknownElementImpl._dispatch (/projects/challenge/node_modules/jsdom/lib/jsdom/living/events/EventTarget-impl.js:119:9)
    at HTMLUnknownElementImpl.dispatchEvent (/projects/challenge/node_modules/jsdom/lib/jsdom/living/events/EventTarget-impl.js:82:17)
    at HTMLUnknownElementImpl.dispatchEvent (/projects/challenge/node_modules/jsdom/lib/jsdom/living/nodes/HTMLElement-impl.js:30:27)
    at HTMLUnknownElement.dispatchEvent (/projects/challenge/node_modules/jsdom/lib/jsdom/living/generated/EventTarget.js:157:21)
    at Object.invokeGuardedCallbackDev (/projects/challenge/node_modules/react-dom/cjs/react-dom.development.js:237:16)
    at invokeGuardedCallback (/projects/challenge/node_modules/react-dom/cjs/react-dom.development.js:292:31)
    at invokeGuardedCallbackAndCatchFirstError (/projects/challenge/node_modules/react-dom/cjs/react-dom.development.js:306:25)
    at executeDispatch (/projects/challenge/node_modules/react-dom/cjs/react-dom.development.js:389:3)
    at executeDispatchesInOrder (/projects/challenge/node_modules/react-dom/cjs/react-dom.development.js:414:5)
    at executeDispatchesAndRelease (/projects/challenge/node_modules/react-dom/cjs/react-dom.development.js:3278:5)
    at executeDispatchesAndReleaseTopLevel (/projects/challenge/node_modules/react-dom/cjs/react-dom.development.js:3287:10)
    at forEachAccumulated (/projects/challenge/node_modules/react-dom/cjs/react-dom.development.js:3259:8)
    at runEventsInBatch (/projects/challenge/node_modules/react-dom/cjs/react-dom.development.js:3304:3)
    at runExtractedPluginEventsInBatch (/projects/challenge/node_modules/react-dom/cjs/react-dom.development.js:3514:3)
    at handleTopLevel (/projects/challenge/node_modules/react-dom/cjs/react-dom.development.js:3558:5)
    at batchedEventUpdates$1 (/projects/challenge/node_modules/react-dom/cjs/react-dom.development.js:21871:12)
    at batchedEventUpdates (/projects/challenge/node_modules/react-dom/cjs/react-dom.development.js:795:12)
    at dispatchEventForLegacyPluginEventSystem (/projects/challenge/node_modules/react-dom/cjs/react-dom.development.js:3568:5)
    at attemptToDispatchEvent (/projects/challenge/node_modules/react-dom/cjs/react-dom.development.js:4267:5)
    at dispatchEvent (/projects/challenge/node_modules/react-dom/cjs/react-dom.development.js:4189:19)
    at unstable_runWithPriority (/projects/challenge/node_modules/scheduler/cjs/scheduler.development.js:653:12)
    at runWithPriority$1 (/projects/challenge/node_modules/react-dom/cjs/react-dom.development.js:11039:10)
    at discreteUpdates$1 (/projects/challenge/node_modules/react-dom/cjs/react-dom.development.js:21887:12)
    at discreteUpdates (/projects/challenge/node_modules/react-dom/cjs/react-dom.development.js:806:12)
    at dispatchDiscreteEvent (/projects/challenge/node_modules/react-dom/cjs/react-dom.development.js:4168:3)
    at invokeEventListeners (/projects/challenge/node_modules/jsdom/lib/jsdom/living/events/EventTarget-impl.js:193:27)
    at HTMLButtonElementImpl._dispatch (/projects/challenge/node_modules/jsdom/lib/jsdom/living/events/EventTarget-impl.js:133:9)
    at HTMLButtonElementImpl.dispatchEvent (/projects/challenge/node_modules/jsdom/lib/jsdom/living/events/EventTarget-impl.js:82:17)
    at HTMLButtonElementImpl.dispatchEvent (/projects/challenge/node_modules/jsdom/lib/jsdom/living/nodes/HTMLElement-impl.js:30:27)
    at HTMLButtonElement.dispatchEvent (/projects/challenge/node_modules/jsdom/lib/jsdom/living/generated/EventTarget.js:157:21)
    at fireEvent (/projects/challenge/node_modules/@testing-library/dom/dist/events.js:605:18)
    at Function.fireEvent.(anonymous function) [as click] (/projects/challenge/node_modules/@testing-library/dom/dist/events.js:649:36)
    at /projects/challenge/node_modules/@testing-library/react/dist/index.js:148:40
    at batchedUpdates$1 (/projects/challenge/node_modules/react-dom/cjs/react-dom.development.js:21856:12)
    at act (/projects/challenge/node_modules/react-dom/cjs/react-dom-test-utils.development.js:929:14)
    at Function.click (/projects/challenge/node_modules/@testing-library/react/dist/index.js:147:28)
    at Object.it (/projects/challenge/src/App.test.js:81:15)
    at Object.asyncJestTest (/projects/challenge/node_modules/jest-jasmine2/build/jasmineAsyncInstall.js:102:37)
    at resolve (/projects/challenge/node_modules/jest-jasmine2/build/queueRunner.js:43:12)
    at new Promise (&lt;anonymous&gt;)
    at mapper (/projects/challenge/node_modules/jest-jasmine2/build/queueRunner.js:26:19)
    at promise.then (/projects/challenge/node_modules/jest-jasmine2/build/queueRunner.js:73:41)
    at &lt;anonymous&gt;</failure>
      <failure>Error: expect(received).toEqual(expected) // deep equality

Expected: &quot;Sorry, Bonnie&apos;s validity has Expired!&quot;
Received: &quot;Error Message&quot;
    at Object.it (/projects/challenge/src/App.test.js:83:31)
    at Object.asyncJestTest (/projects/challenge/node_modules/jest-jasmine2/build/jasmineAsyncInstall.js:102:37)
    at resolve (/projects/challenge/node_modules/jest-jasmine2/build/queueRunner.js:43:12)
    at new Promise (&lt;anonymous&gt;)
    at mapper (/projects/challenge/node_modules/jest-jasmine2/build/queueRunner.js:26:19)
    at promise.then (/projects/challenge/node_modules/jest-jasmine2/build/queueRunner.js:73:41)
    at &lt;anonymous&gt;</failure>
    </testcase>
    <testcase classname="Hacker Dormitory should hold the correct list and error message after series of Students addition" name="Hacker Dormitory should hold the correct list and error message after series of Students addition" time="0.041">
      <failure>TypeError: Cannot read property &apos;split&apos; of undefined
    at checkValidity (/projects/challenge/src/Components/Search.js:10:38)
    at addStudent (/projects/challenge/src/Components/Search.js:29:5)
    at HTMLUnknownElement.callCallback (/projects/challenge/node_modules/react-dom/cjs/react-dom.development.js:188:14)
    at invokeEventListeners (/projects/challenge/node_modules/jsdom/lib/jsdom/living/events/EventTarget-impl.js:193:27)
    at HTMLUnknownElementImpl._dispatch (/projects/challenge/node_modules/jsdom/lib/jsdom/living/events/EventTarget-impl.js:119:9)
    at HTMLUnknownElementImpl.dispatchEvent (/projects/challenge/node_modules/jsdom/lib/jsdom/living/events/EventTarget-impl.js:82:17)
    at HTMLUnknownElementImpl.dispatchEvent (/projects/challenge/node_modules/jsdom/lib/jsdom/living/nodes/HTMLElement-impl.js:30:27)
    at HTMLUnknownElement.dispatchEvent (/projects/challenge/node_modules/jsdom/lib/jsdom/living/generated/EventTarget.js:157:21)
    at Object.invokeGuardedCallbackDev (/projects/challenge/node_modules/react-dom/cjs/react-dom.development.js:237:16)
    at invokeGuardedCallback (/projects/challenge/node_modules/react-dom/cjs/react-dom.development.js:292:31)
    at invokeGuardedCallbackAndCatchFirstError (/projects/challenge/node_modules/react-dom/cjs/react-dom.development.js:306:25)
    at executeDispatch (/projects/challenge/node_modules/react-dom/cjs/react-dom.development.js:389:3)
    at executeDispatchesInOrder (/projects/challenge/node_modules/react-dom/cjs/react-dom.development.js:414:5)
    at executeDispatchesAndRelease (/projects/challenge/node_modules/react-dom/cjs/react-dom.development.js:3278:5)
    at executeDispatchesAndReleaseTopLevel (/projects/challenge/node_modules/react-dom/cjs/react-dom.development.js:3287:10)
    at forEachAccumulated (/projects/challenge/node_modules/react-dom/cjs/react-dom.development.js:3259:8)
    at runEventsInBatch (/projects/challenge/node_modules/react-dom/cjs/react-dom.development.js:3304:3)
    at runExtractedPluginEventsInBatch (/projects/challenge/node_modules/react-dom/cjs/react-dom.development.js:3514:3)
    at handleTopLevel (/projects/challenge/node_modules/react-dom/cjs/react-dom.development.js:3558:5)
    at batchedEventUpdates$1 (/projects/challenge/node_modules/react-dom/cjs/react-dom.development.js:21871:12)
    at batchedEventUpdates (/projects/challenge/node_modules/react-dom/cjs/react-dom.development.js:795:12)
    at dispatchEventForLegacyPluginEventSystem (/projects/challenge/node_modules/react-dom/cjs/react-dom.development.js:3568:5)
    at attemptToDispatchEvent (/projects/challenge/node_modules/react-dom/cjs/react-dom.development.js:4267:5)
    at dispatchEvent (/projects/challenge/node_modules/react-dom/cjs/react-dom.development.js:4189:19)
    at unstable_runWithPriority (/projects/challenge/node_modules/scheduler/cjs/scheduler.development.js:653:12)
    at runWithPriority$1 (/projects/challenge/node_modules/react-dom/cjs/react-dom.development.js:11039:10)
    at discreteUpdates$1 (/projects/challenge/node_modules/react-dom/cjs/react-dom.development.js:21887:12)
    at discreteUpdates (/projects/challenge/node_modules/react-dom/cjs/react-dom.development.js:806:12)
    at dispatchDiscreteEvent (/projects/challenge/node_modules/react-dom/cjs/react-dom.development.js:4168:3)
    at invokeEventListeners (/projects/challenge/node_modules/jsdom/lib/jsdom/living/events/EventTarget-impl.js:193:27)
    at HTMLButtonElementImpl._dispatch (/projects/challenge/node_modules/jsdom/lib/jsdom/living/events/EventTarget-impl.js:133:9)
    at HTMLButtonElementImpl.dispatchEvent (/projects/challenge/node_modules/jsdom/lib/jsdom/living/events/EventTarget-impl.js:82:17)
    at HTMLButtonElementImpl.dispatchEvent (/projects/challenge/node_modules/jsdom/lib/jsdom/living/nodes/HTMLElement-impl.js:30:27)
    at HTMLButtonElement.dispatchEvent (/projects/challenge/node_modules/jsdom/lib/jsdom/living/generated/EventTarget.js:157:21)
    at fireEvent (/projects/challenge/node_modules/@testing-library/dom/dist/events.js:605:18)
    at Function.fireEvent.(anonymous function) [as click] (/projects/challenge/node_modules/@testing-library/dom/dist/events.js:649:36)
    at /projects/challenge/node_modules/@testing-library/react/dist/index.js:148:40
    at batchedUpdates$1 (/projects/challenge/node_modules/react-dom/cjs/react-dom.development.js:21856:12)
    at act (/projects/challenge/node_modules/react-dom/cjs/react-dom-test-utils.development.js:929:14)
    at Function.click (/projects/challenge/node_modules/@testing-library/react/dist/index.js:147:28)
    at Object.it (/projects/challenge/src/App.test.js:89:15)
    at Object.asyncJestTest (/projects/challenge/node_modules/jest-jasmine2/build/jasmineAsyncInstall.js:102:37)
    at resolve (/projects/challenge/node_modules/jest-jasmine2/build/queueRunner.js:43:12)
    at new Promise (&lt;anonymous&gt;)
    at mapper (/projects/challenge/node_modules/jest-jasmine2/build/queueRunner.js:26:19)
    at promise.then (/projects/challenge/node_modules/jest-jasmine2/build/queueRunner.js:73:41)
    at &lt;anonymous&gt;</failure>
      <failure>TypeError: Cannot read property &apos;split&apos; of undefined
    at checkValidity (/projects/challenge/src/Components/Search.js:10:38)
    at addStudent (/projects/challenge/src/Components/Search.js:29:5)
    at HTMLUnknownElement.callCallback (/projects/challenge/node_modules/react-dom/cjs/react-dom.development.js:188:14)
    at invokeEventListeners (/projects/challenge/node_modules/jsdom/lib/jsdom/living/events/EventTarget-impl.js:193:27)
    at HTMLUnknownElementImpl._dispatch (/projects/challenge/node_modules/jsdom/lib/jsdom/living/events/EventTarget-impl.js:119:9)
    at HTMLUnknownElementImpl.dispatchEvent (/projects/challenge/node_modules/jsdom/lib/jsdom/living/events/EventTarget-impl.js:82:17)
    at HTMLUnknownElementImpl.dispatchEvent (/projects/challenge/node_modules/jsdom/lib/jsdom/living/nodes/HTMLElement-impl.js:30:27)
    at HTMLUnknownElement.dispatchEvent (/projects/challenge/node_modules/jsdom/lib/jsdom/living/generated/EventTarget.js:157:21)
    at Object.invokeGuardedCallbackDev (/projects/challenge/node_modules/react-dom/cjs/react-dom.development.js:237:16)
    at invokeGuardedCallback (/projects/challenge/node_modules/react-dom/cjs/react-dom.development.js:292:31)
    at invokeGuardedCallbackAndCatchFirstError (/projects/challenge/node_modules/react-dom/cjs/react-dom.development.js:306:25)
    at executeDispatch (/projects/challenge/node_modules/react-dom/cjs/react-dom.development.js:389:3)
    at executeDispatchesInOrder (/projects/challenge/node_modules/react-dom/cjs/react-dom.development.js:414:5)
    at executeDispatchesAndRelease (/projects/challenge/node_modules/react-dom/cjs/react-dom.development.js:3278:5)
    at executeDispatchesAndReleaseTopLevel (/projects/challenge/node_modules/react-dom/cjs/react-dom.development.js:3287:10)
    at forEachAccumulated (/projects/challenge/node_modules/react-dom/cjs/react-dom.development.js:3259:8)
    at runEventsInBatch (/projects/challenge/node_modules/react-dom/cjs/react-dom.development.js:3304:3)
    at runExtractedPluginEventsInBatch (/projects/challenge/node_modules/react-dom/cjs/react-dom.development.js:3514:3)
    at handleTopLevel (/projects/challenge/node_modules/react-dom/cjs/react-dom.development.js:3558:5)
    at batchedEventUpdates$1 (/projects/challenge/node_modules/react-dom/cjs/react-dom.development.js:21871:12)
    at batchedEventUpdates (/projects/challenge/node_modules/react-dom/cjs/react-dom.development.js:795:12)
    at dispatchEventForLegacyPluginEventSystem (/projects/challenge/node_modules/react-dom/cjs/react-dom.development.js:3568:5)
    at attemptToDispatchEvent (/projects/challenge/node_modules/react-dom/cjs/react-dom.development.js:4267:5)
    at dispatchEvent (/projects/challenge/node_modules/react-dom/cjs/react-dom.development.js:4189:19)
    at unstable_runWithPriority (/projects/challenge/node_modules/scheduler/cjs/scheduler.development.js:653:12)
    at runWithPriority$1 (/projects/challenge/node_modules/react-dom/cjs/react-dom.development.js:11039:10)
    at discreteUpdates$1 (/projects/challenge/node_modules/react-dom/cjs/react-dom.development.js:21887:12)
    at discreteUpdates (/projects/challenge/node_modules/react-dom/cjs/react-dom.development.js:806:12)
    at dispatchDiscreteEvent (/projects/challenge/node_modules/react-dom/cjs/react-dom.development.js:4168:3)
    at invokeEventListeners (/projects/challenge/node_modules/jsdom/lib/jsdom/living/events/EventTarget-impl.js:193:27)
    at HTMLButtonElementImpl._dispatch (/projects/challenge/node_modules/jsdom/lib/jsdom/living/events/EventTarget-impl.js:133:9)
    at HTMLButtonElementImpl.dispatchEvent (/projects/challenge/node_modules/jsdom/lib/jsdom/living/events/EventTarget-impl.js:82:17)
    at HTMLButtonElementImpl.dispatchEvent (/projects/challenge/node_modules/jsdom/lib/jsdom/living/nodes/HTMLElement-impl.js:30:27)
    at HTMLButtonElement.dispatchEvent (/projects/challenge/node_modules/jsdom/lib/jsdom/living/generated/EventTarget.js:157:21)
    at fireEvent (/projects/challenge/node_modules/@testing-library/dom/dist/events.js:605:18)
    at Function.fireEvent.(anonymous function) [as click] (/projects/challenge/node_modules/@testing-library/dom/dist/events.js:649:36)
    at /projects/challenge/node_modules/@testing-library/react/dist/index.js:148:40
    at batchedUpdates$1 (/projects/challenge/node_modules/react-dom/cjs/react-dom.development.js:21856:12)
    at act (/projects/challenge/node_modules/react-dom/cjs/react-dom-test-utils.development.js:929:14)
    at Function.click (/projects/challenge/node_modules/@testing-library/react/dist/index.js:147:28)
    at Object.it (/projects/challenge/src/App.test.js:94:15)
    at Object.asyncJestTest (/projects/challenge/node_modules/jest-jasmine2/build/jasmineAsyncInstall.js:102:37)
    at resolve (/projects/challenge/node_modules/jest-jasmine2/build/queueRunner.js:43:12)
    at new Promise (&lt;anonymous&gt;)
    at mapper (/projects/challenge/node_modules/jest-jasmine2/build/queueRunner.js:26:19)
    at promise.then (/projects/challenge/node_modules/jest-jasmine2/build/queueRunner.js:73:41)
    at &lt;anonymous&gt;</failure>
      <failure>TypeError: Cannot read property &apos;split&apos; of undefined
    at checkValidity (/projects/challenge/src/Components/Search.js:10:38)
    at addStudent (/projects/challenge/src/Components/Search.js:29:5)
    at HTMLUnknownElement.callCallback (/projects/challenge/node_modules/react-dom/cjs/react-dom.development.js:188:14)
    at invokeEventListeners (/projects/challenge/node_modules/jsdom/lib/jsdom/living/events/EventTarget-impl.js:193:27)
    at HTMLUnknownElementImpl._dispatch (/projects/challenge/node_modules/jsdom/lib/jsdom/living/events/EventTarget-impl.js:119:9)
    at HTMLUnknownElementImpl.dispatchEvent (/projects/challenge/node_modules/jsdom/lib/jsdom/living/events/EventTarget-impl.js:82:17)
    at HTMLUnknownElementImpl.dispatchEvent (/projects/challenge/node_modules/jsdom/lib/jsdom/living/nodes/HTMLElement-impl.js:30:27)
    at HTMLUnknownElement.dispatchEvent (/projects/challenge/node_modules/jsdom/lib/jsdom/living/generated/EventTarget.js:157:21)
    at Object.invokeGuardedCallbackDev (/projects/challenge/node_modules/react-dom/cjs/react-dom.development.js:237:16)
    at invokeGuardedCallback (/projects/challenge/node_modules/react-dom/cjs/react-dom.development.js:292:31)
    at invokeGuardedCallbackAndCatchFirstError (/projects/challenge/node_modules/react-dom/cjs/react-dom.development.js:306:25)
    at executeDispatch (/projects/challenge/node_modules/react-dom/cjs/react-dom.development.js:389:3)
    at executeDispatchesInOrder (/projects/challenge/node_modules/react-dom/cjs/react-dom.development.js:414:5)
    at executeDispatchesAndRelease (/projects/challenge/node_modules/react-dom/cjs/react-dom.development.js:3278:5)
    at executeDispatchesAndReleaseTopLevel (/projects/challenge/node_modules/react-dom/cjs/react-dom.development.js:3287:10)
    at forEachAccumulated (/projects/challenge/node_modules/react-dom/cjs/react-dom.development.js:3259:8)
    at runEventsInBatch (/projects/challenge/node_modules/react-dom/cjs/react-dom.development.js:3304:3)
    at runExtractedPluginEventsInBatch (/projects/challenge/node_modules/react-dom/cjs/react-dom.development.js:3514:3)
    at handleTopLevel (/projects/challenge/node_modules/react-dom/cjs/react-dom.development.js:3558:5)
    at batchedEventUpdates$1 (/projects/challenge/node_modules/react-dom/cjs/react-dom.development.js:21871:12)
    at batchedEventUpdates (/projects/challenge/node_modules/react-dom/cjs/react-dom.development.js:795:12)
    at dispatchEventForLegacyPluginEventSystem (/projects/challenge/node_modules/react-dom/cjs/react-dom.development.js:3568:5)
    at attemptToDispatchEvent (/projects/challenge/node_modules/react-dom/cjs/react-dom.development.js:4267:5)
    at dispatchEvent (/projects/challenge/node_modules/react-dom/cjs/react-dom.development.js:4189:19)
    at unstable_runWithPriority (/projects/challenge/node_modules/scheduler/cjs/scheduler.development.js:653:12)
    at runWithPriority$1 (/projects/challenge/node_modules/react-dom/cjs/react-dom.development.js:11039:10)
    at discreteUpdates$1 (/projects/challenge/node_modules/react-dom/cjs/react-dom.development.js:21887:12)
    at discreteUpdates (/projects/challenge/node_modules/react-dom/cjs/react-dom.development.js:806:12)
    at dispatchDiscreteEvent (/projects/challenge/node_modules/react-dom/cjs/react-dom.development.js:4168:3)
    at invokeEventListeners (/projects/challenge/node_modules/jsdom/lib/jsdom/living/events/EventTarget-impl.js:193:27)
    at HTMLButtonElementImpl._dispatch (/projects/challenge/node_modules/jsdom/lib/jsdom/living/events/EventTarget-impl.js:133:9)
    at HTMLButtonElementImpl.dispatchEvent (/projects/challenge/node_modules/jsdom/lib/jsdom/living/events/EventTarget-impl.js:82:17)
    at HTMLButtonElementImpl.dispatchEvent (/projects/challenge/node_modules/jsdom/lib/jsdom/living/nodes/HTMLElement-impl.js:30:27)
    at HTMLButtonElement.dispatchEvent (/projects/challenge/node_modules/jsdom/lib/jsdom/living/generated/EventTarget.js:157:21)
    at fireEvent (/projects/challenge/node_modules/@testing-library/dom/dist/events.js:605:18)
    at Function.fireEvent.(anonymous function) [as click] (/projects/challenge/node_modules/@testing-library/dom/dist/events.js:649:36)
    at /projects/challenge/node_modules/@testing-library/react/dist/index.js:148:40
    at batchedUpdates$1 (/projects/challenge/node_modules/react-dom/cjs/react-dom.development.js:21856:12)
    at act (/projects/challenge/node_modules/react-dom/cjs/react-dom-test-utils.development.js:929:14)
    at Function.click (/projects/challenge/node_modules/@testing-library/react/dist/index.js:147:28)
    at Object.it (/projects/challenge/src/App.test.js:98:15)
    at Object.asyncJestTest (/projects/challenge/node_modules/jest-jasmine2/build/jasmineAsyncInstall.js:102:37)
    at resolve (/projects/challenge/node_modules/jest-jasmine2/build/queueRunner.js:43:12)
    at new Promise (&lt;anonymous&gt;)
    at mapper (/projects/challenge/node_modules/jest-jasmine2/build/queueRunner.js:26:19)
    at promise.then (/projects/challenge/node_modules/jest-jasmine2/build/queueRunner.js:73:41)
    at &lt;anonymous&gt;</failure>
      <failure>Error: expect(received).toEqual(expected) // deep equality

Expected: &quot;Sorry, Talisk&apos;s validity has Expired!&quot;
Received: &quot;Error Message&quot;
    at Object.it (/projects/challenge/src/App.test.js:101:31)
    at Object.asyncJestTest (/projects/challenge/node_modules/jest-jasmine2/build/jasmineAsyncInstall.js:102:37)
    at resolve (/projects/challenge/node_modules/jest-jasmine2/build/queueRunner.js:43:12)
    at new Promise (&lt;anonymous&gt;)
    at mapper (/projects/challenge/node_modules/jest-jasmine2/build/queueRunner.js:26:19)
    at promise.then (/projects/challenge/node_modules/jest-jasmine2/build/queueRunner.js:73:41)
    at &lt;anonymous&gt;</failure>
    </testcase>
  </testsuite>
</testsuites>